<?xml version="1.0" encoding="UTF-8"?>
<testng-results ignored="0" total="1" passed="1" failed="0" skipped="0">
  <reporter-output>
  </reporter-output>
  <suite started-at="2019-08-22T03:04:44Z" name="Default suite" finished-at="2019-08-22T03:04:46Z" duration-ms="2221">
    <groups>
    </groups>
    <test started-at="2019-08-22T03:04:44Z" name="Default test" finished-at="2019-08-22T03:04:46Z" duration-ms="2221">
      <class name="StaticJson">
        <test-method signature="addBook()[pri:0, instance:StaticJson@fa4c865]" started-at="2019-08-22T03:04:44Z" name="addBook" finished-at="2019-08-22T03:04:46Z" duration-ms="2202" status="PASS">
          <reporter-output>
          </reporter-output>
        </test-method> <!-- addBook -->
      </class> <!-- StaticJson -->
    </test> <!-- Default test -->
  </suite> <!-- Default suite -->
</testng-results>
